Arguments: 
  C:\Program Files\nodejs\node.exe C:\Users\nikod\AppData\Roaming\npm\node_modules\yarn\bin\yarn.js add @ loaders.gl/csv

PATH: 
  C:\Python310\Scripts\;C:\Python310\;C:\Program Files (x86)\Common Files\Intel\Shared Libraries\redist\intel64\compiler;C:\Windows\system32;C:\Windows;C:\Windows\System32\Wbem;C:\Windows\System32\WindowsPowerShell\v1.0\;C:\Windows\System32\OpenSSH\;C:\Program Files\dotnet\;C:\Program Files\Git\cmd;C:\Program Files\nodejs\;C:\ProgramData\chocolatey\bin;C:\Program Files\Amazon\AWSCLIV2\;C:\Program Files (x86)\Common Files\Sony Shared\FeliCaLibrary;C:\Program Files\Common Files\Sony Shared\FeliCaLibrary;C:\Users\nikod\AppData\Local\Microsoft\WindowsApps;C:\Users\nikod\AppData\Local\Programs\Microsoft VS Code\bin;C:\Users\nikod\AppData\Local\GitHubDesktop\bin;C:\Users\nikod\AppData\Roaming\npm;C:\Users\nikod\.dotnet\tools

Yarn version: 
  1.22.19

Node version: 
  14.18.1

Platform: 
  win32 x64

Trace: 
  Error: https://registry.yarnpkg.com/@: Request "https://registry.yarnpkg.com/@" returned a 405
      at Request.params.callback [as _callback] (C:\Users\nikod\AppData\Roaming\npm\node_modules\yarn\lib\cli.js:66154:18)
      at Request.self.callback (C:\Users\nikod\AppData\Roaming\npm\node_modules\yarn\lib\cli.js:140890:22)
      at Request.emit (events.js:400:28)
      at Request.<anonymous> (C:\Users\nikod\AppData\Roaming\npm\node_modules\yarn\lib\cli.js:141862:10)
      at Request.emit (events.js:400:28)
      at IncomingMessage.<anonymous> (C:\Users\nikod\AppData\Roaming\npm\node_modules\yarn\lib\cli.js:141784:12)
      at Object.onceWrapper (events.js:519:28)
      at IncomingMessage.emit (events.js:412:35)
      at endReadableNT (internal/streams/readable.js:1334:12)
      at processTicksAndRejections (internal/process/task_queues.js:82:21)

npm manifest: 
  {
    "name": "trips",
    "version": "0.0.0",
    "license": "MIT",
    "scripts": {
      "start-local": "webpack-dev-server --env.local --progress --hot --open",
      "start": "webpack-dev-server --progress --hot --open"
    },
    "dependencies": {
      "deck.gl": "^8.7.11",
      "react": "^16.3.0",
      "react-dom": "^16.3.0",
      "react-map-gl": "^5.0.0",
      "yarn": "^1.22.19"
    },
    "devDependencies": {
      "@babel/core": "^7.4.0",
      "@babel/preset-react": "^7.0.0",
      "babel-loader": "^8.0.5",
      "webpack": "^4.20.2",
      "webpack-cli": "^3.1.2",
      "webpack-dev-server": "^3.1.1"
    }
  }

yarn manifest: 
  No manifest

Lockfile: 
  No lockfile
